  MeshObject.cpp
c:\users\george\documents\github\opengl-game\project\opengl-game\meshobject.h(5): warning C4067: unexpected tokens following preprocessor directive - expected a newline
  Main.cpp
  Generating Code...
LINK : warning LNK4098: defaultlib 'LIBCMTD' conflicts with use of other libs; use /NODEFAULTLIB:library
freeglut_static.lib(freeglut_callbacks.obj) : warning LNK4099: PDB 'vc110.pdb' was not found with 'freeglut_static.lib(freeglut_callbacks.obj)' or at 'C:\Users\George\Documents\GitHub\OpenGL-Game\Project\Debug\vc110.pdb'; linking object as if no debug info
freeglut_static.lib(freeglut_cursor.obj) : warning LNK4099: PDB 'vc110.pdb' was not found with 'freeglut_static.lib(freeglut_cursor.obj)' or at 'C:\Users\George\Documents\GitHub\OpenGL-Game\Project\Debug\vc110.pdb'; linking object as if no debug info
freeglut_static.lib(freeglut_display.obj) : warning LNK4099: PDB 'vc110.pdb' was not found with 'freeglut_static.lib(freeglut_display.obj)' or at 'C:\Users\George\Documents\GitHub\OpenGL-Game\Project\Debug\vc110.pdb'; linking object as if no debug info
freeglut_static.lib(freeglut_font.obj) : warning LNK4099: PDB 'vc110.pdb' was not found with 'freeglut_static.lib(freeglut_font.obj)' or at 'C:\Users\George\Documents\GitHub\OpenGL-Game\Project\Debug\vc110.pdb'; linking object as if no debug info
freeglut_static.lib(freeglut_font_data.obj) : warning LNK4099: PDB 'vc110.pdb' was not found with 'freeglut_static.lib(freeglut_font_data.obj)' or at 'C:\Users\George\Documents\GitHub\OpenGL-Game\Project\Debug\vc110.pdb'; linking object as if no debug info
freeglut_static.lib(freeglut_gamemode.obj) : warning LNK4099: PDB 'vc110.pdb' was not found with 'freeglut_static.lib(freeglut_gamemode.obj)' or at 'C:\Users\George\Documents\GitHub\OpenGL-Game\Project\Debug\vc110.pdb'; linking object as if no debug info
freeglut_static.lib(freeglut_init.obj) : warning LNK4099: PDB 'vc110.pdb' was not found with 'freeglut_static.lib(freeglut_init.obj)' or at 'C:\Users\George\Documents\GitHub\OpenGL-Game\Project\Debug\vc110.pdb'; linking object as if no debug info
freeglut_static.lib(freeglut_input_devices.obj) : warning LNK4099: PDB 'vc110.pdb' was not found with 'freeglut_static.lib(freeglut_input_devices.obj)' or at 'C:\Users\George\Documents\GitHub\OpenGL-Game\Project\Debug\vc110.pdb'; linking object as if no debug info
freeglut_static.lib(freeglut_joystick.obj) : warning LNK4099: PDB 'vc110.pdb' was not found with 'freeglut_static.lib(freeglut_joystick.obj)' or at 'C:\Users\George\Documents\GitHub\OpenGL-Game\Project\Debug\vc110.pdb'; linking object as if no debug info
freeglut_static.lib(freeglut_main.obj) : warning LNK4099: PDB 'vc110.pdb' was not found with 'freeglut_static.lib(freeglut_main.obj)' or at 'C:\Users\George\Documents\GitHub\OpenGL-Game\Project\Debug\vc110.pdb'; linking object as if no debug info
freeglut_static.lib(freeglut_menu.obj) : warning LNK4099: PDB 'vc110.pdb' was not found with 'freeglut_static.lib(freeglut_menu.obj)' or at 'C:\Users\George\Documents\GitHub\OpenGL-Game\Project\Debug\vc110.pdb'; linking object as if no debug info
freeglut_static.lib(freeglut_spaceball.obj) : warning LNK4099: PDB 'vc110.pdb' was not found with 'freeglut_static.lib(freeglut_spaceball.obj)' or at 'C:\Users\George\Documents\GitHub\OpenGL-Game\Project\Debug\vc110.pdb'; linking object as if no debug info
freeglut_static.lib(freeglut_state.obj) : warning LNK4099: PDB 'vc110.pdb' was not found with 'freeglut_static.lib(freeglut_state.obj)' or at 'C:\Users\George\Documents\GitHub\OpenGL-Game\Project\Debug\vc110.pdb'; linking object as if no debug info
freeglut_static.lib(freeglut_stroke_mono_roman.obj) : warning LNK4099: PDB 'vc110.pdb' was not found with 'freeglut_static.lib(freeglut_stroke_mono_roman.obj)' or at 'C:\Users\George\Documents\GitHub\OpenGL-Game\Project\Debug\vc110.pdb'; linking object as if no debug info
freeglut_static.lib(freeglut_stroke_roman.obj) : warning LNK4099: PDB 'vc110.pdb' was not found with 'freeglut_static.lib(freeglut_stroke_roman.obj)' or at 'C:\Users\George\Documents\GitHub\OpenGL-Game\Project\Debug\vc110.pdb'; linking object as if no debug info
freeglut_static.lib(freeglut_structure.obj) : warning LNK4099: PDB 'vc110.pdb' was not found with 'freeglut_static.lib(freeglut_structure.obj)' or at 'C:\Users\George\Documents\GitHub\OpenGL-Game\Project\Debug\vc110.pdb'; linking object as if no debug info
freeglut_static.lib(freeglut_window.obj) : warning LNK4099: PDB 'vc110.pdb' was not found with 'freeglut_static.lib(freeglut_window.obj)' or at 'C:\Users\George\Documents\GitHub\OpenGL-Game\Project\Debug\vc110.pdb'; linking object as if no debug info
  OpenGLGame.vcxproj -> C:\Users\George\Documents\GitHub\OpenGL-Game\Project\Debug\OpenGL-Game.exe
